0 info it worked if it ends with ok
1 verbose cli [ '/usr/bin/node',
1 verbose cli   '/usr/bin/npm',
1 verbose cli   'install',
1 verbose cli   '--save',
1 verbose cli   'aos@next' ]
2 info using npm@3.5.2
3 info using node@v8.10.0
4 silly loadCurrentTree Starting
5 silly install loadCurrentTree
6 silly install readLocalPackageData
7 silly fetchPackageMetaData aos@next
8 silly fetchNamedPackageData aos
9 silly mapToRegistry name aos
10 silly mapToRegistry using default registry
11 silly mapToRegistry registry https://registry.npmjs.org/
12 silly mapToRegistry uri https://registry.npmjs.org/aos
13 verbose request uri https://registry.npmjs.org/aos
14 verbose request no auth needed
15 info attempt registry request try #1 at 2:02:53 PM
16 verbose request id d606ca89a742c3f4
17 http request GET https://registry.npmjs.org/aos
18 http 200 https://registry.npmjs.org/aos
19 verbose headers { date: 'Sun, 27 Sep 2020 20:02:54 GMT',
19 verbose headers   'content-type': 'application/json',
19 verbose headers   'transfer-encoding': 'chunked',
19 verbose headers   connection: 'keep-alive',
19 verbose headers   'set-cookie':
19 verbose headers    [ '__cfduid=d46ec40f5843b1c304af21f37490964681601236974; expires=Tue, 27-Oct-20 20:02:54 GMT; path=/; domain=.npmjs.org; HttpOnly; SameSite=Lax' ],
19 verbose headers   'cf-ray': '5d97d3304f2926f2-MSP',
19 verbose headers   'cache-control': 'public, max-age=300',
19 verbose headers   etag: 'W/"e7875c2cd5803be112235fb5cb4f60d4"',
19 verbose headers   'last-modified': 'Tue, 01 Jan 2019 04:51:15 GMT',
19 verbose headers   vary: 'accept-encoding, accept',
19 verbose headers   'cf-cache-status': 'REVALIDATED',
19 verbose headers   'cf-request-id': '0572c2522c000026f2f58b8200000001',
19 verbose headers   'expect-ct': 'max-age=604800, report-uri="https://report-uri.cloudflare.com/cdn-cgi/beacon/expect-ct"',
19 verbose headers   server: 'cloudflare',
19 verbose headers   'content-encoding': 'gzip' }
20 silly get cb [ 200,
20 silly get   { date: 'Sun, 27 Sep 2020 20:02:54 GMT',
20 silly get     'content-type': 'application/json',
20 silly get     'transfer-encoding': 'chunked',
20 silly get     connection: 'keep-alive',
20 silly get     'set-cookie':
20 silly get      [ '__cfduid=d46ec40f5843b1c304af21f37490964681601236974; expires=Tue, 27-Oct-20 20:02:54 GMT; path=/; domain=.npmjs.org; HttpOnly; SameSite=Lax' ],
20 silly get     'cf-ray': '5d97d3304f2926f2-MSP',
20 silly get     'cache-control': 'public, max-age=300',
20 silly get     etag: 'W/"e7875c2cd5803be112235fb5cb4f60d4"',
20 silly get     'last-modified': 'Tue, 01 Jan 2019 04:51:15 GMT',
20 silly get     vary: 'accept-encoding, accept',
20 silly get     'cf-cache-status': 'REVALIDATED',
20 silly get     'cf-request-id': '0572c2522c000026f2f58b8200000001',
20 silly get     'expect-ct': 'max-age=604800, report-uri="https://report-uri.cloudflare.com/cdn-cgi/beacon/expect-ct"',
20 silly get     server: 'cloudflare',
20 silly get     'content-encoding': 'gzip' } ]
21 verbose get saving aos to /home/drew/.npm/registry.npmjs.org/aos/.cache.json
22 silly install normalizeTree
23 silly loadCurrentTree Finishing
24 silly loadIdealTree Starting
25 silly install loadIdealTree
26 silly cloneCurrentTree Starting
27 silly install cloneCurrentTreeToIdealTree
28 silly cloneCurrentTree Finishing
29 silly loadShrinkwrap Starting
30 silly install loadShrinkwrap
31 silly loadShrinkwrap Finishing
32 silly loadAllDepsIntoIdealTree Starting
33 silly install loadAllDepsIntoIdealTree
34 silly resolveWithNewModule aos@3.0.0-beta.6 checking installable status
35 silly cache add args [ 'aos@next', null ]
36 verbose cache add spec aos@next
37 silly cache add parsed spec Result {
37 silly cache add   raw: 'aos@next',
37 silly cache add   scope: null,
37 silly cache add   name: 'aos',
37 silly cache add   rawSpec: 'next',
37 silly cache add   spec: 'next',
37 silly cache add   type: 'tag' }
38 silly addNamed aos@next
39 verbose addNamed "next" is being treated as a dist-tag for aos
40 info addNameTag [ 'aos', 'next' ]
41 silly mapToRegistry name aos
42 silly mapToRegistry using default registry
43 silly mapToRegistry registry https://registry.npmjs.org/
44 silly mapToRegistry uri https://registry.npmjs.org/aos
45 verbose addNameTag registry:https://registry.npmjs.org/aos not in flight; fetching
46 verbose get https://registry.npmjs.org/aos not expired, no request
47 silly addNameTag next cb for aos with tag next
48 silly addNamed aos@3.0.0-beta.6
49 verbose addNamed "3.0.0-beta.6" is a plain semver version for aos
50 silly mapToRegistry name aos
51 silly mapToRegistry using default registry
52 silly mapToRegistry registry https://registry.npmjs.org/
53 silly mapToRegistry uri https://registry.npmjs.org/aos
54 verbose addRemoteTarball https://registry.npmjs.org/aos/-/aos-3.0.0-beta.6.tgz not in flight; adding
55 verbose addRemoteTarball [ 'https://registry.npmjs.org/aos/-/aos-3.0.0-beta.6.tgz',
55 verbose addRemoteTarball   '75148e3be4bb1add53f5a1828623bf82b67691e9' ]
56 info retry fetch attempt 1 at 2:02:54 PM
57 info attempt registry request try #1 at 2:02:54 PM
58 http fetch GET https://registry.npmjs.org/aos/-/aos-3.0.0-beta.6.tgz
59 http fetch 200 https://registry.npmjs.org/aos/-/aos-3.0.0-beta.6.tgz
60 silly fetchAndShaCheck shasum 75148e3be4bb1add53f5a1828623bf82b67691e9
61 verbose addTmpTarball /tmp/npm-2400-f752d2cb/registry.npmjs.org/aos/-/aos-3.0.0-beta.6.tgz not in flight; adding
62 verbose addTmpTarball already have metadata; skipping unpack for aos@3.0.0-beta.6
63 silly cache afterAdd aos@3.0.0-beta.6
64 verbose afterAdd /home/drew/.npm/aos/3.0.0-beta.6/package/package.json not in flight; writing
65 verbose afterAdd /home/drew/.npm/aos/3.0.0-beta.6/package/package.json written
66 silly fetchNamedPackageData classlist-polyfill
67 silly mapToRegistry name classlist-polyfill
68 silly mapToRegistry using default registry
69 silly mapToRegistry registry https://registry.npmjs.org/
70 silly mapToRegistry uri https://registry.npmjs.org/classlist-polyfill
71 silly fetchNamedPackageData lodash.debounce
72 silly mapToRegistry name lodash.debounce
73 silly mapToRegistry using default registry
74 silly mapToRegistry registry https://registry.npmjs.org/
75 silly mapToRegistry uri https://registry.npmjs.org/lodash.debounce
76 silly fetchNamedPackageData lodash.throttle
77 silly mapToRegistry name lodash.throttle
78 silly mapToRegistry using default registry
79 silly mapToRegistry registry https://registry.npmjs.org/
80 silly mapToRegistry uri https://registry.npmjs.org/lodash.throttle
81 verbose request uri https://registry.npmjs.org/classlist-polyfill
82 verbose request no auth needed
83 info attempt registry request try #1 at 2:02:54 PM
84 http request GET https://registry.npmjs.org/classlist-polyfill
85 verbose request uri https://registry.npmjs.org/lodash.debounce
86 verbose request no auth needed
87 info attempt registry request try #1 at 2:02:54 PM
88 http request GET https://registry.npmjs.org/lodash.debounce
89 verbose request uri https://registry.npmjs.org/lodash.throttle
90 verbose request no auth needed
91 info attempt registry request try #1 at 2:02:54 PM
92 http request GET https://registry.npmjs.org/lodash.throttle
93 http 200 https://registry.npmjs.org/classlist-polyfill
94 verbose headers { date: 'Sun, 27 Sep 2020 20:02:54 GMT',
94 verbose headers   'content-type': 'application/json; charset=UTF-8',
94 verbose headers   'transfer-encoding': 'chunked',
94 verbose headers   connection: 'keep-alive',
94 verbose headers   'set-cookie':
94 verbose headers    [ '__cfduid=d46ec40f5843b1c304af21f37490964681601236974; expires=Tue, 27-Oct-20 20:02:54 GMT; path=/; domain=.npmjs.org; HttpOnly; SameSite=Lax' ],
94 verbose headers   'cf-ray': '5d97d3344efa26f2-MSP',
94 verbose headers   age: '3706',
94 verbose headers   'cache-control': 'public, max-age=300',
94 verbose headers   etag: 'W/"3b323041cb9ea888ea989112c513c802"',
94 verbose headers   'last-modified': 'Sat, 26 May 2018 19:55:51 GMT',
94 verbose headers   vary: 'accept-encoding, accept',
94 verbose headers   'cf-cache-status': 'HIT',
94 verbose headers   'cf-request-id': '0572c254a8000026f2f58f4200000001',
94 verbose headers   'expect-ct': 'max-age=604800, report-uri="https://report-uri.cloudflare.com/cdn-cgi/beacon/expect-ct"',
94 verbose headers   server: 'cloudflare',
94 verbose headers   'content-encoding': 'gzip' }
95 silly get cb [ 200,
95 silly get   { date: 'Sun, 27 Sep 2020 20:02:54 GMT',
95 silly get     'content-type': 'application/json; charset=UTF-8',
95 silly get     'transfer-encoding': 'chunked',
95 silly get     connection: 'keep-alive',
95 silly get     'set-cookie':
95 silly get      [ '__cfduid=d46ec40f5843b1c304af21f37490964681601236974; expires=Tue, 27-Oct-20 20:02:54 GMT; path=/; domain=.npmjs.org; HttpOnly; SameSite=Lax' ],
95 silly get     'cf-ray': '5d97d3344efa26f2-MSP',
95 silly get     age: '3706',
95 silly get     'cache-control': 'public, max-age=300',
95 silly get     etag: 'W/"3b323041cb9ea888ea989112c513c802"',
95 silly get     'last-modified': 'Sat, 26 May 2018 19:55:51 GMT',
95 silly get     vary: 'accept-encoding, accept',
95 silly get     'cf-cache-status': 'HIT',
95 silly get     'cf-request-id': '0572c254a8000026f2f58f4200000001',
95 silly get     'expect-ct': 'max-age=604800, report-uri="https://report-uri.cloudflare.com/cdn-cgi/beacon/expect-ct"',
95 silly get     server: 'cloudflare',
95 silly get     'content-encoding': 'gzip' } ]
96 verbose get saving classlist-polyfill to /home/drew/.npm/registry.npmjs.org/classlist-polyfill/.cache.json
97 silly resolveWithNewModule classlist-polyfill@1.2.0 checking installable status
98 silly cache add args [ 'classlist-polyfill@^1.2.0', null ]
99 verbose cache add spec classlist-polyfill@^1.2.0
100 silly cache add parsed spec Result {
100 silly cache add   raw: 'classlist-polyfill@^1.2.0',
100 silly cache add   scope: null,
100 silly cache add   name: 'classlist-polyfill',
100 silly cache add   rawSpec: '^1.2.0',
100 silly cache add   spec: '>=1.2.0 <2.0.0',
100 silly cache add   type: 'range' }
101 silly addNamed classlist-polyfill@>=1.2.0 <2.0.0
102 verbose addNamed ">=1.2.0 <2.0.0" is a valid semver range for classlist-polyfill
103 silly addNameRange { name: 'classlist-polyfill',
103 silly addNameRange   range: '>=1.2.0 <2.0.0',
103 silly addNameRange   hasData: false }
104 silly mapToRegistry name classlist-polyfill
105 silly mapToRegistry using default registry
106 silly mapToRegistry registry https://registry.npmjs.org/
107 silly mapToRegistry uri https://registry.npmjs.org/classlist-polyfill
108 verbose addNameRange registry:https://registry.npmjs.org/classlist-polyfill not in flight; fetching
109 verbose get https://registry.npmjs.org/classlist-polyfill not expired, no request
110 silly addNameRange number 2 { name: 'classlist-polyfill',
110 silly addNameRange   range: '>=1.2.0 <2.0.0',
110 silly addNameRange   hasData: true }
111 silly addNameRange versions [ 'classlist-polyfill',
111 silly addNameRange   [ '1.0.0', '1.0.1', '1.0.2', '1.0.3', '1.2.0' ] ]
112 silly addNamed classlist-polyfill@1.2.0
113 verbose addNamed "1.2.0" is a plain semver version for classlist-polyfill
114 silly mapToRegistry name classlist-polyfill
115 silly mapToRegistry using default registry
116 silly mapToRegistry registry https://registry.npmjs.org/
117 silly mapToRegistry uri https://registry.npmjs.org/classlist-polyfill
118 verbose addRemoteTarball https://registry.npmjs.org/classlist-polyfill/-/classlist-polyfill-1.2.0.tgz not in flight; adding
119 verbose addRemoteTarball [ 'https://registry.npmjs.org/classlist-polyfill/-/classlist-polyfill-1.2.0.tgz',
119 verbose addRemoteTarball   '935bc2dfd9458a876b279617514638bcaa964a2e' ]
120 info retry fetch attempt 1 at 2:02:54 PM
121 info attempt registry request try #1 at 2:02:54 PM
122 http fetch GET https://registry.npmjs.org/classlist-polyfill/-/classlist-polyfill-1.2.0.tgz
123 http fetch 200 https://registry.npmjs.org/classlist-polyfill/-/classlist-polyfill-1.2.0.tgz
124 silly fetchAndShaCheck shasum 935bc2dfd9458a876b279617514638bcaa964a2e
125 verbose addTmpTarball /tmp/npm-2400-f752d2cb/registry.npmjs.org/classlist-polyfill/-/classlist-polyfill-1.2.0.tgz not in flight; adding
126 verbose addTmpTarball already have metadata; skipping unpack for classlist-polyfill@1.2.0
127 http 200 https://registry.npmjs.org/lodash.debounce
128 verbose headers { date: 'Sun, 27 Sep 2020 20:02:54 GMT',
128 verbose headers   'content-type': 'application/json; charset=UTF-8',
128 verbose headers   'transfer-encoding': 'chunked',
128 verbose headers   connection: 'keep-alive',
128 verbose headers   'set-cookie':
128 verbose headers    [ '__cfduid=d07a5176122d59ae90d7b2503d2cba1271601236974; expires=Tue, 27-Oct-20 20:02:54 GMT; path=/; domain=.npmjs.org; HttpOnly; SameSite=Lax' ],
128 verbose headers   'cf-ray': '5d97d334df4126a7-MSP',
128 verbose headers   age: '515',
128 verbose headers   'cache-control': 'public, max-age=300',
128 verbose headers   etag: 'W/"7d862cb348964d69ec9bb81e41bd708c"',
128 verbose headers   'last-modified': 'Sun, 27 May 2018 06:58:20 GMT',
128 verbose headers   vary: 'accept-encoding, accept',
128 verbose headers   'cf-cache-status': 'HIT',
128 verbose headers   'cf-request-id': '0572c2550a000026a7f0276200000001',
128 verbose headers   'expect-ct': 'max-age=604800, report-uri="https://report-uri.cloudflare.com/cdn-cgi/beacon/expect-ct"',
128 verbose headers   server: 'cloudflare',
128 verbose headers   'content-encoding': 'gzip' }
129 silly get cb [ 200,
129 silly get   { date: 'Sun, 27 Sep 2020 20:02:54 GMT',
129 silly get     'content-type': 'application/json; charset=UTF-8',
129 silly get     'transfer-encoding': 'chunked',
129 silly get     connection: 'keep-alive',
129 silly get     'set-cookie':
129 silly get      [ '__cfduid=d07a5176122d59ae90d7b2503d2cba1271601236974; expires=Tue, 27-Oct-20 20:02:54 GMT; path=/; domain=.npmjs.org; HttpOnly; SameSite=Lax' ],
129 silly get     'cf-ray': '5d97d334df4126a7-MSP',
129 silly get     age: '515',
129 silly get     'cache-control': 'public, max-age=300',
129 silly get     etag: 'W/"7d862cb348964d69ec9bb81e41bd708c"',
129 silly get     'last-modified': 'Sun, 27 May 2018 06:58:20 GMT',
129 silly get     vary: 'accept-encoding, accept',
129 silly get     'cf-cache-status': 'HIT',
129 silly get     'cf-request-id': '0572c2550a000026a7f0276200000001',
129 silly get     'expect-ct': 'max-age=604800, report-uri="https://report-uri.cloudflare.com/cdn-cgi/beacon/expect-ct"',
129 silly get     server: 'cloudflare',
129 silly get     'content-encoding': 'gzip' } ]
130 verbose get saving lodash.debounce to /home/drew/.npm/registry.npmjs.org/lodash.debounce/.cache.json
131 silly cache afterAdd classlist-polyfill@1.2.0
132 verbose afterAdd /home/drew/.npm/classlist-polyfill/1.2.0/package/package.json not in flight; writing
133 verbose afterAdd /home/drew/.npm/classlist-polyfill/1.2.0/package/package.json written
134 silly resolveWithNewModule lodash.debounce@4.0.8 checking installable status
135 silly cache add args [ 'lodash.debounce@^4.0.8', null ]
136 verbose cache add spec lodash.debounce@^4.0.8
137 silly cache add parsed spec Result {
137 silly cache add   raw: 'lodash.debounce@^4.0.8',
137 silly cache add   scope: null,
137 silly cache add   name: 'lodash.debounce',
137 silly cache add   rawSpec: '^4.0.8',
137 silly cache add   spec: '>=4.0.8 <5.0.0',
137 silly cache add   type: 'range' }
138 silly addNamed lodash.debounce@>=4.0.8 <5.0.0
139 verbose addNamed ">=4.0.8 <5.0.0" is a valid semver range for lodash.debounce
140 silly addNameRange { name: 'lodash.debounce',
140 silly addNameRange   range: '>=4.0.8 <5.0.0',
140 silly addNameRange   hasData: false }
141 silly mapToRegistry name lodash.debounce
142 silly mapToRegistry using default registry
143 silly mapToRegistry registry https://registry.npmjs.org/
144 silly mapToRegistry uri https://registry.npmjs.org/lodash.debounce
145 verbose addNameRange registry:https://registry.npmjs.org/lodash.debounce not in flight; fetching
146 verbose get https://registry.npmjs.org/lodash.debounce not expired, no request
147 silly addNameRange number 2 { name: 'lodash.debounce',
147 silly addNameRange   range: '>=4.0.8 <5.0.0',
147 silly addNameRange   hasData: true }
148 silly addNameRange versions [ 'lodash.debounce',
148 silly addNameRange   [ '2.0.0',
148 silly addNameRange     '2.1.0',
148 silly addNameRange     '2.2.0',
148 silly addNameRange     '2.2.1',
148 silly addNameRange     '2.3.0',
148 silly addNameRange     '2.4.0',
148 silly addNameRange     '2.4.1',
148 silly addNameRange     '3.0.0',
148 silly addNameRange     '3.0.1',
148 silly addNameRange     '3.0.2',
148 silly addNameRange     '3.0.3',
148 silly addNameRange     '3.1.0',
148 silly addNameRange     '3.1.1',
148 silly addNameRange     '4.0.0',
148 silly addNameRange     '4.0.1',
148 silly addNameRange     '4.0.2',
148 silly addNameRange     '4.0.3',
148 silly addNameRange     '4.0.4',
148 silly addNameRange     '4.0.5',
148 silly addNameRange     '4.0.6',
148 silly addNameRange     '4.0.7',
148 silly addNameRange     '4.0.8' ] ]
149 silly addNamed lodash.debounce@4.0.8
150 verbose addNamed "4.0.8" is a plain semver version for lodash.debounce
151 silly mapToRegistry name lodash.debounce
152 silly mapToRegistry using default registry
153 silly mapToRegistry registry https://registry.npmjs.org/
154 silly mapToRegistry uri https://registry.npmjs.org/lodash.debounce
155 verbose addRemoteTarball https://registry.npmjs.org/lodash.debounce/-/lodash.debounce-4.0.8.tgz not in flight; adding
156 verbose addRemoteTarball [ 'https://registry.npmjs.org/lodash.debounce/-/lodash.debounce-4.0.8.tgz',
156 verbose addRemoteTarball   '82d79bff30a67c4005ffd5e2515300ad9ca4d7af' ]
157 info retry fetch attempt 1 at 2:02:54 PM
158 info attempt registry request try #1 at 2:02:54 PM
159 http fetch GET https://registry.npmjs.org/lodash.debounce/-/lodash.debounce-4.0.8.tgz
160 http 200 https://registry.npmjs.org/lodash.throttle
161 verbose headers { date: 'Sun, 27 Sep 2020 20:02:54 GMT',
161 verbose headers   'content-type': 'application/json; charset=UTF-8',
161 verbose headers   'transfer-encoding': 'chunked',
161 verbose headers   connection: 'keep-alive',
161 verbose headers   'set-cookie':
161 verbose headers    [ '__cfduid=d3c10eedc45b57c521e702dab5c65021c1601236974; expires=Tue, 27-Oct-20 20:02:54 GMT; path=/; domain=.npmjs.org; HttpOnly; SameSite=Lax' ],
161 verbose headers   'cf-ray': '5d97d335490326af-MSP',
161 verbose headers   age: '5017',
161 verbose headers   'cache-control': 'public, max-age=300',
161 verbose headers   etag: 'W/"6098fe91ba9e2b736c25954873db0d1b"',
161 verbose headers   'last-modified': 'Sun, 27 May 2018 06:59:05 GMT',
161 verbose headers   vary: 'accept-encoding, accept',
161 verbose headers   'cf-cache-status': 'HIT',
161 verbose headers   'cf-request-id': '0572c25551000026af9794b200000001',
161 verbose headers   'expect-ct': 'max-age=604800, report-uri="https://report-uri.cloudflare.com/cdn-cgi/beacon/expect-ct"',
161 verbose headers   server: 'cloudflare',
161 verbose headers   'content-encoding': 'gzip' }
162 silly get cb [ 200,
162 silly get   { date: 'Sun, 27 Sep 2020 20:02:54 GMT',
162 silly get     'content-type': 'application/json; charset=UTF-8',
162 silly get     'transfer-encoding': 'chunked',
162 silly get     connection: 'keep-alive',
162 silly get     'set-cookie':
162 silly get      [ '__cfduid=d3c10eedc45b57c521e702dab5c65021c1601236974; expires=Tue, 27-Oct-20 20:02:54 GMT; path=/; domain=.npmjs.org; HttpOnly; SameSite=Lax' ],
162 silly get     'cf-ray': '5d97d335490326af-MSP',
162 silly get     age: '5017',
162 silly get     'cache-control': 'public, max-age=300',
162 silly get     etag: 'W/"6098fe91ba9e2b736c25954873db0d1b"',
162 silly get     'last-modified': 'Sun, 27 May 2018 06:59:05 GMT',
162 silly get     vary: 'accept-encoding, accept',
162 silly get     'cf-cache-status': 'HIT',
162 silly get     'cf-request-id': '0572c25551000026af9794b200000001',
162 silly get     'expect-ct': 'max-age=604800, report-uri="https://report-uri.cloudflare.com/cdn-cgi/beacon/expect-ct"',
162 silly get     server: 'cloudflare',
162 silly get     'content-encoding': 'gzip' } ]
163 verbose get saving lodash.throttle to /home/drew/.npm/registry.npmjs.org/lodash.throttle/.cache.json
164 http fetch 200 https://registry.npmjs.org/lodash.debounce/-/lodash.debounce-4.0.8.tgz
165 silly fetchAndShaCheck shasum 82d79bff30a67c4005ffd5e2515300ad9ca4d7af
166 verbose addTmpTarball /tmp/npm-2400-f752d2cb/registry.npmjs.org/lodash.debounce/-/lodash.debounce-4.0.8.tgz not in flight; adding
167 verbose addTmpTarball already have metadata; skipping unpack for lodash.debounce@4.0.8
168 silly resolveWithNewModule lodash.throttle@4.1.1 checking installable status
169 silly cache add args [ 'lodash.throttle@^4.1.1', null ]
170 verbose cache add spec lodash.throttle@^4.1.1
171 silly cache add parsed spec Result {
171 silly cache add   raw: 'lodash.throttle@^4.1.1',
171 silly cache add   scope: null,
171 silly cache add   name: 'lodash.throttle',
171 silly cache add   rawSpec: '^4.1.1',
171 silly cache add   spec: '>=4.1.1 <5.0.0',
171 silly cache add   type: 'range' }
172 silly addNamed lodash.throttle@>=4.1.1 <5.0.0
173 verbose addNamed ">=4.1.1 <5.0.0" is a valid semver range for lodash.throttle
174 silly addNameRange { name: 'lodash.throttle',
174 silly addNameRange   range: '>=4.1.1 <5.0.0',
174 silly addNameRange   hasData: false }
175 silly mapToRegistry name lodash.throttle
176 silly mapToRegistry using default registry
177 silly mapToRegistry registry https://registry.npmjs.org/
178 silly mapToRegistry uri https://registry.npmjs.org/lodash.throttle
179 verbose addNameRange registry:https://registry.npmjs.org/lodash.throttle not in flight; fetching
180 verbose get https://registry.npmjs.org/lodash.throttle not expired, no request
181 silly addNameRange number 2 { name: 'lodash.throttle',
181 silly addNameRange   range: '>=4.1.1 <5.0.0',
181 silly addNameRange   hasData: true }
182 silly addNameRange versions [ 'lodash.throttle',
182 silly addNameRange   [ '2.0.0',
182 silly addNameRange     '2.1.0',
182 silly addNameRange     '2.2.0',
182 silly addNameRange     '2.2.1',
182 silly addNameRange     '2.3.0',
182 silly addNameRange     '2.4.0',
182 silly addNameRange     '2.4.1',
182 silly addNameRange     '3.0.0',
182 silly addNameRange     '3.0.1',
182 silly addNameRange     '3.0.2',
182 silly addNameRange     '3.0.3',
182 silly addNameRange     '3.0.4',
182 silly addNameRange     '4.0.0',
182 silly addNameRange     '4.0.1',
182 silly addNameRange     '4.1.0',
182 silly addNameRange     '4.1.1' ] ]
183 silly addNamed lodash.throttle@4.1.1
184 verbose addNamed "4.1.1" is a plain semver version for lodash.throttle
185 silly mapToRegistry name lodash.throttle
186 silly mapToRegistry using default registry
187 silly mapToRegistry registry https://registry.npmjs.org/
188 silly mapToRegistry uri https://registry.npmjs.org/lodash.throttle
189 verbose addRemoteTarball https://registry.npmjs.org/lodash.throttle/-/lodash.throttle-4.1.1.tgz not in flight; adding
190 verbose addRemoteTarball [ 'https://registry.npmjs.org/lodash.throttle/-/lodash.throttle-4.1.1.tgz',
190 verbose addRemoteTarball   'c23e91b710242ac70c37f1e1cda9274cc39bf2f4' ]
191 info retry fetch attempt 1 at 2:02:55 PM
192 info attempt registry request try #1 at 2:02:55 PM
193 http fetch GET https://registry.npmjs.org/lodash.throttle/-/lodash.throttle-4.1.1.tgz
194 silly cache afterAdd lodash.debounce@4.0.8
195 verbose afterAdd /home/drew/.npm/lodash.debounce/4.0.8/package/package.json not in flight; writing
196 verbose afterAdd /home/drew/.npm/lodash.debounce/4.0.8/package/package.json written
197 http fetch 200 https://registry.npmjs.org/lodash.throttle/-/lodash.throttle-4.1.1.tgz
198 silly fetchAndShaCheck shasum c23e91b710242ac70c37f1e1cda9274cc39bf2f4
199 verbose addTmpTarball /tmp/npm-2400-f752d2cb/registry.npmjs.org/lodash.throttle/-/lodash.throttle-4.1.1.tgz not in flight; adding
200 verbose addTmpTarball already have metadata; skipping unpack for lodash.throttle@4.1.1
201 silly cache afterAdd lodash.throttle@4.1.1
202 verbose afterAdd /home/drew/.npm/lodash.throttle/4.1.1/package/package.json not in flight; writing
203 verbose afterAdd /home/drew/.npm/lodash.throttle/4.1.1/package/package.json written
204 silly loadAllDepsIntoIdealTree Finishing
205 silly idealTree:prePrune mar-a-mar-website
205 silly idealTree:prePrune ├── aos@3.0.0-beta.6
205 silly idealTree:prePrune ├── bulma@0.9.0
205 silly idealTree:prePrune ├── classlist-polyfill@1.2.0
205 silly idealTree:prePrune ├── lodash.debounce@4.0.8
205 silly idealTree:prePrune └── lodash.throttle@4.1.1
206 silly loadIdealTree Finishing
207 silly currentTree mar-a-mar-website
207 silly currentTree └── bulma@0.9.0
208 silly idealTree mar-a-mar-website
208 silly idealTree ├── aos@3.0.0-beta.6
208 silly idealTree ├── bulma@0.9.0
208 silly idealTree ├── classlist-polyfill@1.2.0
208 silly idealTree ├── lodash.debounce@4.0.8
208 silly idealTree └── lodash.throttle@4.1.1
209 silly generateActionsToTake Starting
210 silly install generateActionsToTake
211 silly generateActionsToTake Finishing
212 silly diffTrees action count 5
213 silly diffTrees add classlist-polyfill@1.2.0
214 silly diffTrees add lodash.debounce@4.0.8
215 silly diffTrees add lodash.throttle@4.1.1
216 silly diffTrees add aos@3.0.0-beta.6
217 silly diffTrees update bulma@0.9.0
218 silly decomposeActions action count 40
219 silly decomposeActions fetch classlist-polyfill@1.2.0
220 silly decomposeActions extract classlist-polyfill@1.2.0
221 silly decomposeActions test classlist-polyfill@1.2.0
222 silly decomposeActions preinstall classlist-polyfill@1.2.0
223 silly decomposeActions build classlist-polyfill@1.2.0
224 silly decomposeActions install classlist-polyfill@1.2.0
225 silly decomposeActions postinstall classlist-polyfill@1.2.0
226 silly decomposeActions finalize classlist-polyfill@1.2.0
227 silly decomposeActions fetch lodash.debounce@4.0.8
228 silly decomposeActions extract lodash.debounce@4.0.8
229 silly decomposeActions test lodash.debounce@4.0.8
230 silly decomposeActions preinstall lodash.debounce@4.0.8
231 silly decomposeActions build lodash.debounce@4.0.8
232 silly decomposeActions install lodash.debounce@4.0.8
233 silly decomposeActions postinstall lodash.debounce@4.0.8
234 silly decomposeActions finalize lodash.debounce@4.0.8
235 silly decomposeActions fetch lodash.throttle@4.1.1
236 silly decomposeActions extract lodash.throttle@4.1.1
237 silly decomposeActions test lodash.throttle@4.1.1
238 silly decomposeActions preinstall lodash.throttle@4.1.1
239 silly decomposeActions build lodash.throttle@4.1.1
240 silly decomposeActions install lodash.throttle@4.1.1
241 silly decomposeActions postinstall lodash.throttle@4.1.1
242 silly decomposeActions finalize lodash.throttle@4.1.1
243 silly decomposeActions fetch aos@3.0.0-beta.6
244 silly decomposeActions extract aos@3.0.0-beta.6
245 silly decomposeActions test aos@3.0.0-beta.6
246 silly decomposeActions preinstall aos@3.0.0-beta.6
247 silly decomposeActions build aos@3.0.0-beta.6
248 silly decomposeActions install aos@3.0.0-beta.6
249 silly decomposeActions postinstall aos@3.0.0-beta.6
250 silly decomposeActions finalize aos@3.0.0-beta.6
251 silly decomposeActions fetch bulma@0.9.0
252 silly decomposeActions extract bulma@0.9.0
253 silly decomposeActions test bulma@0.9.0
254 silly decomposeActions preinstall bulma@0.9.0
255 silly decomposeActions build bulma@0.9.0
256 silly decomposeActions install bulma@0.9.0
257 silly decomposeActions postinstall bulma@0.9.0
258 silly decomposeActions finalize bulma@0.9.0
259 silly executeActions Starting
260 silly install executeActions
261 silly doSerial global-install 0
262 silly doParallel fetch 5
263 verbose lock using /home/drew/.npm/_locks/staging-686a90c9a7744112.lock for /mnt/c/Users/dhorn/projects/mar-a-mar/mar-a-mar-website/node_modules/.staging
264 silly doParallel extract 5
265 silly extract classlist-polyfill@1.2.0
266 silly extract lodash.debounce@4.0.8
267 silly extract lodash.throttle@4.1.1
268 silly extract aos@3.0.0-beta.6
269 silly extract bulma@0.9.0
270 verbose unbuild node_modules/.staging/classlist-polyfill-fc662a03
271 verbose unbuild node_modules/.staging/lodash.throttle-59204f5f
272 silly gentlyRm /mnt/c/Users/dhorn/projects/mar-a-mar/mar-a-mar-website/node_modules/.staging/classlist-polyfill-fc662a03 is being purged from base /mnt/c/Users/dhorn/projects/mar-a-mar/mar-a-mar-website
273 verbose gentlyRm don't care about contents; nuking /mnt/c/Users/dhorn/projects/mar-a-mar/mar-a-mar-website/node_modules/.staging/classlist-polyfill-fc662a03
274 silly gentlyRm /mnt/c/Users/dhorn/projects/mar-a-mar/mar-a-mar-website/node_modules/.staging/lodash.throttle-59204f5f is being purged from base /mnt/c/Users/dhorn/projects/mar-a-mar/mar-a-mar-website
275 verbose gentlyRm don't care about contents; nuking /mnt/c/Users/dhorn/projects/mar-a-mar/mar-a-mar-website/node_modules/.staging/lodash.throttle-59204f5f
276 verbose tar unpack /home/drew/.npm/classlist-polyfill/1.2.0/package.tgz
277 verbose tar unpacking to /mnt/c/Users/dhorn/projects/mar-a-mar/mar-a-mar-website/node_modules/.staging/classlist-polyfill-fc662a03
278 silly gentlyRm /mnt/c/Users/dhorn/projects/mar-a-mar/mar-a-mar-website/node_modules/.staging/classlist-polyfill-fc662a03 is being purged
279 verbose gentlyRm don't care about contents; nuking /mnt/c/Users/dhorn/projects/mar-a-mar/mar-a-mar-website/node_modules/.staging/classlist-polyfill-fc662a03
280 verbose unbuild node_modules/.staging/aos-3d287566
281 verbose unbuild node_modules/.staging/lodash.debounce-d1b07292
282 verbose unbuild node_modules/.staging/bulma-08a91867
283 verbose tar unpack /home/drew/.npm/lodash.throttle/4.1.1/package.tgz
284 verbose tar unpacking to /mnt/c/Users/dhorn/projects/mar-a-mar/mar-a-mar-website/node_modules/.staging/lodash.throttle-59204f5f
285 silly gentlyRm /mnt/c/Users/dhorn/projects/mar-a-mar/mar-a-mar-website/node_modules/.staging/lodash.throttle-59204f5f is being purged
286 verbose gentlyRm don't care about contents; nuking /mnt/c/Users/dhorn/projects/mar-a-mar/mar-a-mar-website/node_modules/.staging/lodash.throttle-59204f5f
287 silly gunzTarPerm modes [ '755', '644' ]
288 silly gunzTarPerm modes [ '755', '644' ]
289 silly gentlyRm /mnt/c/Users/dhorn/projects/mar-a-mar/mar-a-mar-website/node_modules/.staging/aos-3d287566 is being purged from base /mnt/c/Users/dhorn/projects/mar-a-mar/mar-a-mar-website
290 verbose gentlyRm don't care about contents; nuking /mnt/c/Users/dhorn/projects/mar-a-mar/mar-a-mar-website/node_modules/.staging/aos-3d287566
291 silly gentlyRm /mnt/c/Users/dhorn/projects/mar-a-mar/mar-a-mar-website/node_modules/.staging/lodash.debounce-d1b07292 is being purged from base /mnt/c/Users/dhorn/projects/mar-a-mar/mar-a-mar-website
292 verbose gentlyRm don't care about contents; nuking /mnt/c/Users/dhorn/projects/mar-a-mar/mar-a-mar-website/node_modules/.staging/lodash.debounce-d1b07292
293 silly gentlyRm /mnt/c/Users/dhorn/projects/mar-a-mar/mar-a-mar-website/node_modules/.staging/bulma-08a91867 is being purged from base /mnt/c/Users/dhorn/projects/mar-a-mar/mar-a-mar-website
294 verbose gentlyRm don't care about contents; nuking /mnt/c/Users/dhorn/projects/mar-a-mar/mar-a-mar-website/node_modules/.staging/bulma-08a91867
295 verbose tar unpack /home/drew/.npm/aos/3.0.0-beta.6/package.tgz
296 verbose tar unpacking to /mnt/c/Users/dhorn/projects/mar-a-mar/mar-a-mar-website/node_modules/.staging/aos-3d287566
297 silly gentlyRm /mnt/c/Users/dhorn/projects/mar-a-mar/mar-a-mar-website/node_modules/.staging/aos-3d287566 is being purged
298 verbose gentlyRm don't care about contents; nuking /mnt/c/Users/dhorn/projects/mar-a-mar/mar-a-mar-website/node_modules/.staging/aos-3d287566
299 verbose tar unpack /home/drew/.npm/lodash.debounce/4.0.8/package.tgz
300 verbose tar unpacking to /mnt/c/Users/dhorn/projects/mar-a-mar/mar-a-mar-website/node_modules/.staging/lodash.debounce-d1b07292
301 silly gentlyRm /mnt/c/Users/dhorn/projects/mar-a-mar/mar-a-mar-website/node_modules/.staging/lodash.debounce-d1b07292 is being purged
302 verbose gentlyRm don't care about contents; nuking /mnt/c/Users/dhorn/projects/mar-a-mar/mar-a-mar-website/node_modules/.staging/lodash.debounce-d1b07292
303 verbose tar unpack /home/drew/.npm/bulma/0.9.0/package.tgz
304 verbose tar unpacking to /mnt/c/Users/dhorn/projects/mar-a-mar/mar-a-mar-website/node_modules/.staging/bulma-08a91867
305 silly gentlyRm /mnt/c/Users/dhorn/projects/mar-a-mar/mar-a-mar-website/node_modules/.staging/bulma-08a91867 is being purged
306 verbose gentlyRm don't care about contents; nuking /mnt/c/Users/dhorn/projects/mar-a-mar/mar-a-mar-website/node_modules/.staging/bulma-08a91867
307 silly gunzTarPerm modes [ '755', '644' ]
308 silly gunzTarPerm modes [ '755', '644' ]
309 silly gunzTarPerm modes [ '755', '644' ]
310 silly gunzTarPerm extractEntry package.json
311 silly gunzTarPerm extractEntry package.json
312 silly gunzTarPerm extractEntry package.json
313 silly gunzTarPerm extractEntry package.json
314 silly gunzTarPerm extractEntry sass/.DS_Store
315 silly gunzTarPerm extractEntry README.md
316 silly gunzTarPerm extractEntry LICENSE
317 silly gunzTarPerm extractEntry README.md
318 silly gunzTarPerm extractEntry LICENSE
319 silly gunzTarPerm extractEntry README.md
320 silly gunzTarPerm extractEntry LICENSE
321 silly gunzTarPerm extractEntry LICENSE
322 silly gunzTarPerm extractEntry README.md
323 silly gunzTarPerm extractEntry sass/utilities/.DS_Store
324 silly gunzTarPerm extractEntry LICENSE
325 silly gunzTarPerm extractEntry index.js
326 silly gunzTarPerm extractEntry .travis.yml
327 silly gunzTarPerm extractEntry CHANGELOG.md
328 silly gunzTarPerm extractEntry index.js
329 silly gunzTarPerm extractEntry dist/aos.cjs.js
330 silly gunzTarPerm extractEntry css/bulma-rtl.css
331 silly gunzTarPerm extractEntry dist/aos.css
332 silly gunzTarPerm extractEntry dist/aos.esm.js
333 silly gunzTarPerm extractEntry bower.json
334 silly gunzTarPerm extractEntry script/test
335 silly gunzTarPerm extractEntry css/bulma-rtl.min.css
336 silly gunzTarPerm extractEntry src/index.js
337 silly gunzTarPerm extractEntry tests/remove.js
338 silly gunzTarPerm extractEntry tests/tests.js
339 silly gunzTarPerm extractEntry tests/qunit.html
340 silly gunzTarPerm extractEntry tests/runner.coffee
341 silly gunzTarPerm extractEntry dist/aos.js
342 silly gunzTarPerm extractEntry dist/aos.js.map
343 silly gunzTarPerm extractEntry src/js/aos.js
344 silly gunzTarPerm extractEntry css/bulma.css
345 silly gunzTarPerm extractEntry src/js/helpers/detector.js
346 silly gunzTarPerm extractEntry css/bulma.min.css
347 silly gunzTarPerm extractEntry src/js/helpers/elements.js
348 silly gunzTarPerm extractEntry src/js/helpers/getInlineOption.js
349 silly gunzTarPerm extractEntry src/js/helpers/handleScroll.js
350 silly gunzTarPerm extractEntry src/js/helpers/offsetCalculator.js
351 silly gentlyRm /mnt/c/Users/dhorn/projects/mar-a-mar/mar-a-mar-website/node_modules/.staging/lodash.debounce-d1b07292/node_modules is being purged
352 verbose gentlyRm don't care about contents; nuking /mnt/c/Users/dhorn/projects/mar-a-mar/mar-a-mar-website/node_modules/.staging/lodash.debounce-d1b07292/node_modules
353 silly gentlyRm /mnt/c/Users/dhorn/projects/mar-a-mar/mar-a-mar-website/node_modules/.staging/lodash.throttle-59204f5f/node_modules is being purged
354 verbose gentlyRm don't care about contents; nuking /mnt/c/Users/dhorn/projects/mar-a-mar/mar-a-mar-website/node_modules/.staging/lodash.throttle-59204f5f/node_modules
355 silly gunzTarPerm extractEntry package.json
356 silly gunzTarPerm extractEntry css/bulma-rtl.css.map
357 silly gunzTarPerm extractEntry src/js/helpers/prepare.js
358 silly gunzTarPerm extractEntry src/js/libs/observer.js
359 silly gunzTarPerm extractEntry src/js/libs/offset.js
360 silly gunzTarPerm extractEntry css/bulma.css.map
361 silly gunzTarPerm extractEntry src/sass/_animations.scss
362 silly gunzTarPerm extractEntry CHANGELOG.md
363 silly gunzTarPerm extractEntry src/sass/_core.scss
364 silly gunzTarPerm extractEntry src/sass/_easing.scss
365 silly gunzTarPerm extractEntry README.md
366 silly gunzTarPerm extractEntry sass/base/_all.sass
367 silly gunzTarPerm extractEntry src/sass/aos.scss
368 silly gunzTarPerm extractEntry sass/components/_all.sass
369 silly gunzTarPerm extractEntry sass/elements/_all.sass
370 silly gunzTarPerm extractEntry sass/form/_all.sass
371 silly gunzTarPerm extractEntry sass/grid/_all.sass
372 silly gunzTarPerm extractEntry sass/helpers/_all.sass
373 silly gunzTarPerm extractEntry sass/layout/_all.sass
374 silly gunzTarPerm extractEntry sass/utilities/_all.sass
375 silly gunzTarPerm extractEntry sass/utilities/animations.sass
376 silly gunzTarPerm extractEntry sass/elements/box.sass
377 silly gunzTarPerm extractEntry sass/components/breadcrumb.sass
378 silly gunzTarPerm extractEntry bulma.sass
379 silly gunzTarPerm extractEntry sass/elements/button.sass
380 silly gunzTarPerm extractEntry sass/components/card.sass
381 silly gunzTarPerm extractEntry sass/form/checkbox-radio.sass
382 silly gunzTarPerm extractEntry sass/helpers/color.sass
383 silly gunzTarPerm extractEntry sass/grid/columns.sass
384 silly gunzTarPerm extractEntry sass/elements/container.sass
385 silly gunzTarPerm extractEntry sass/elements/content.sass
386 silly gunzTarPerm extractEntry sass/utilities/controls.sass
387 silly gunzTarPerm extractEntry sass/components/dropdown.sass
388 silly gunzTarPerm extractEntry sass/form/file.sass
389 silly gentlyRm /mnt/c/Users/dhorn/projects/mar-a-mar/mar-a-mar-website/node_modules/.staging/classlist-polyfill-fc662a03/node_modules is being purged
390 verbose gentlyRm don't care about contents; nuking /mnt/c/Users/dhorn/projects/mar-a-mar/mar-a-mar-website/node_modules/.staging/classlist-polyfill-fc662a03/node_modules
391 silly gunzTarPerm extractEntry sass/helpers/float.sass
392 silly gunzTarPerm extractEntry sass/layout/footer.sass
393 silly gunzTarPerm extractEntry sass/elements/form.sass
394 silly gunzTarPerm extractEntry sass/utilities/functions.sass
395 silly gunzTarPerm extractEntry sass/base/generic.sass
396 silly gunzTarPerm extractEntry sass/base/helpers.sass
397 silly gunzTarPerm extractEntry sass/layout/hero.sass
398 silly gunzTarPerm extractEntry sass/elements/icon.sass
399 silly gunzTarPerm extractEntry sass/elements/image.sass
400 silly gunzTarPerm extractEntry sass/utilities/initial-variables.sass
401 silly gunzTarPerm extractEntry sass/form/input-textarea.sass
402 silly gunzTarPerm extractEntry sass/components/level.sass
403 silly gunzTarPerm extractEntry sass/components/media.sass
404 silly gunzTarPerm extractEntry sass/components/menu.sass
405 silly gunzTarPerm extractEntry sass/components/message.sass
406 silly gunzTarPerm extractEntry sass/base/minireset.sass
407 silly gunzTarPerm extractEntry sass/utilities/mixins.sass
408 silly gunzTarPerm extractEntry sass/components/modal.sass
409 silly gunzTarPerm extractEntry sass/components/navbar.sass
410 silly gunzTarPerm extractEntry sass/elements/notification.sass
411 silly gunzTarPerm extractEntry sass/elements/other.sass
412 silly gunzTarPerm extractEntry sass/helpers/other.sass
413 silly gunzTarPerm extractEntry sass/helpers/overflow.sass
414 silly gunzTarPerm extractEntry sass/components/pagination.sass
415 silly gunzTarPerm extractEntry sass/components/panel.sass
416 silly gunzTarPerm extractEntry sass/helpers/position.sass
417 silly gunzTarPerm extractEntry sass/elements/progress.sass
418 silly gunzTarPerm extractEntry sass/layout/section.sass
419 silly gunzTarPerm extractEntry sass/form/select.sass
420 silly gunzTarPerm extractEntry sass/form/shared.sass
421 silly gunzTarPerm extractEntry sass/helpers/spacing.sass
422 silly gunzTarPerm extractEntry sass/elements/table.sass
423 silly gunzTarPerm extractEntry sass/components/tabs.sass
424 silly gunzTarPerm extractEntry sass/elements/tag.sass
425 silly gunzTarPerm extractEntry sass/grid/tiles.sass
426 silly gunzTarPerm extractEntry sass/elements/title.sass
427 silly gunzTarPerm extractEntry sass/form/tools.sass
428 silly gunzTarPerm extractEntry sass/helpers/typography.sass
429 silly gunzTarPerm extractEntry sass/helpers/visibility.sass
430 silly gunzTarPerm extractEntry sass/utilities/derived-variables.scss
431 silly gentlyRm /mnt/c/Users/dhorn/projects/mar-a-mar/mar-a-mar-website/node_modules/.staging/aos-3d287566/node_modules is being purged
432 verbose gentlyRm don't care about contents; nuking /mnt/c/Users/dhorn/projects/mar-a-mar/mar-a-mar-website/node_modules/.staging/aos-3d287566/node_modules
433 silly gentlyRm /mnt/c/Users/dhorn/projects/mar-a-mar/mar-a-mar-website/node_modules/.staging/bulma-08a91867/node_modules is being purged
434 verbose gentlyRm don't care about contents; nuking /mnt/c/Users/dhorn/projects/mar-a-mar/mar-a-mar-website/node_modules/.staging/bulma-08a91867/node_modules
435 silly doParallel preinstall 5
436 silly preinstall classlist-polyfill@1.2.0 /mnt/c/Users/dhorn/projects/mar-a-mar/mar-a-mar-website/node_modules/.staging/classlist-polyfill-fc662a03
437 info lifecycle classlist-polyfill@1.2.0~preinstall: classlist-polyfill@1.2.0
438 silly preinstall lodash.debounce@4.0.8 /mnt/c/Users/dhorn/projects/mar-a-mar/mar-a-mar-website/node_modules/.staging/lodash.debounce-d1b07292
439 info lifecycle lodash.debounce@4.0.8~preinstall: lodash.debounce@4.0.8
440 silly preinstall lodash.throttle@4.1.1 /mnt/c/Users/dhorn/projects/mar-a-mar/mar-a-mar-website/node_modules/.staging/lodash.throttle-59204f5f
441 info lifecycle lodash.throttle@4.1.1~preinstall: lodash.throttle@4.1.1
442 silly preinstall aos@3.0.0-beta.6 /mnt/c/Users/dhorn/projects/mar-a-mar/mar-a-mar-website/node_modules/.staging/aos-3d287566
443 info lifecycle aos@3.0.0-beta.6~preinstall: aos@3.0.0-beta.6
444 silly preinstall bulma@0.9.0 /mnt/c/Users/dhorn/projects/mar-a-mar/mar-a-mar-website/node_modules/.staging/bulma-08a91867
445 info lifecycle bulma@0.9.0~preinstall: bulma@0.9.0
446 silly lifecycle classlist-polyfill@1.2.0~preinstall: no script for preinstall, continuing
447 silly lifecycle lodash.debounce@4.0.8~preinstall: no script for preinstall, continuing
448 silly lifecycle lodash.throttle@4.1.1~preinstall: no script for preinstall, continuing
449 silly lifecycle aos@3.0.0-beta.6~preinstall: no script for preinstall, continuing
450 silly lifecycle bulma@0.9.0~preinstall: no script for preinstall, continuing
451 silly doReverseSerial remove 0
452 silly doSerial move 0
453 silly doSerial finalize 5
454 silly finalize /mnt/c/Users/dhorn/projects/mar-a-mar/mar-a-mar-website/node_modules/classlist-polyfill
455 verbose unlock done using /home/drew/.npm/_locks/staging-686a90c9a7744112.lock for /mnt/c/Users/dhorn/projects/mar-a-mar/mar-a-mar-website/node_modules/.staging
456 silly rollbackFailedOptional Starting
457 silly rollbackFailedOptional Finishing
458 silly runTopLevelLifecycles Starting
459 silly runTopLevelLifecycles Finishing
460 silly install printInstalled
461 warn enoent ENOENT: no such file or directory, open '/mnt/c/Users/dhorn/projects/mar-a-mar/mar-a-mar-website/package.json'
462 warn mar-a-mar-website No description
463 warn mar-a-mar-website No repository field.
464 warn mar-a-mar-website No README data
465 warn mar-a-mar-website No license field.
466 verbose stack Error: EACCES: permission denied, rename '/mnt/c/Users/dhorn/projects/mar-a-mar/mar-a-mar-website/node_modules/.staging/classlist-polyfill-fc662a03' -> '/mnt/c/Users/dhorn/projects/mar-a-mar/mar-a-mar-website/node_modules/classlist-polyfill'
466 verbose stack     at destStatted (/usr/share/npm/lib/install/action/finalize.js:25:7)
466 verbose stack     at FSReqWrap.oncomplete (fs.js:152:21)
466 verbose stack
466 verbose stack Error: EACCES: permission denied, rename '/mnt/c/Users/dhorn/projects/mar-a-mar/mar-a-mar-website/node_modules/.staging/classlist-polyfill-fc662a03' -> '/mnt/c/Users/dhorn/projects/mar-a-mar/mar-a-mar-website/node_modules/classlist-polyfill'
467 verbose cwd /mnt/c/Users/dhorn/projects/mar-a-mar/mar-a-mar-website
468 error Linux 4.4.0-18362-Microsoft
469 error argv "/usr/bin/node" "/usr/bin/npm" "install" "--save" "aos@next"
470 error node v8.10.0
471 error npm  v3.5.2
472 error path /mnt/c/Users/dhorn/projects/mar-a-mar/mar-a-mar-website/node_modules/.staging/classlist-polyfill-fc662a03
473 error code EACCES
474 error errno -13
475 error syscall rename
476 error Error: EACCES: permission denied, rename '/mnt/c/Users/dhorn/projects/mar-a-mar/mar-a-mar-website/node_modules/.staging/classlist-polyfill-fc662a03' -> '/mnt/c/Users/dhorn/projects/mar-a-mar/mar-a-mar-website/node_modules/classlist-polyfill'
476 error     at destStatted (/usr/share/npm/lib/install/action/finalize.js:25:7)
476 error     at FSReqWrap.oncomplete (fs.js:152:21)
476 error
476 error Error: EACCES: permission denied, rename '/mnt/c/Users/dhorn/projects/mar-a-mar/mar-a-mar-website/node_modules/.staging/classlist-polyfill-fc662a03' -> '/mnt/c/Users/dhorn/projects/mar-a-mar/mar-a-mar-website/node_modules/classlist-polyfill'
476 error  Error: EACCES: permission denied, rename '/mnt/c/Users/dhorn/projects/mar-a-mar/mar-a-mar-website/node_modules/.staging/classlist-polyfill-fc662a03' -> '/mnt/c/Users/dhorn/projects/mar-a-mar/mar-a-mar-website/node_modules/classlist-polyfill'
476 error     at destStatted (/usr/share/npm/lib/install/action/finalize.js:25:7)
476 error     at FSReqWrap.oncomplete (fs.js:152:21)
476 error
476 error Error: EACCES: permission denied, rename '/mnt/c/Users/dhorn/projects/mar-a-mar/mar-a-mar-website/node_modules/.staging/classlist-polyfill-fc662a03' -> '/mnt/c/Users/dhorn/projects/mar-a-mar/mar-a-mar-website/node_modules/classlist-polyfill'
477 error Please try running this command again as root/Administrator.
478 verbose exit [ -13, true ]
